0 info it worked if it ends with ok
1 verbose cli [ 'node', '/usr/local/bin/npm', 'install', 'youtube-node', '-g' ]
2 info using npm@1.4.28
3 info using node@v0.10.33
4 verbose cache add [ 'youtube-node', null ]
5 verbose cache add name=undefined spec="youtube-node" args=["youtube-node",null]
6 verbose parsed url { protocol: null,
6 verbose parsed url   slashes: null,
6 verbose parsed url   auth: null,
6 verbose parsed url   host: null,
6 verbose parsed url   port: null,
6 verbose parsed url   hostname: null,
6 verbose parsed url   hash: null,
6 verbose parsed url   search: null,
6 verbose parsed url   query: null,
6 verbose parsed url   pathname: 'youtube-node',
6 verbose parsed url   path: 'youtube-node',
6 verbose parsed url   href: 'youtube-node' }
7 silly lockFile dc732ab4-youtube-node youtube-node
8 verbose lock youtube-node /Users/drewgarcia/.npm/dc732ab4-youtube-node.lock
9 silly lockFile dc732ab4-youtube-node youtube-node
10 silly lockFile dc732ab4-youtube-node youtube-node
11 verbose addNamed [ 'youtube-node', '' ]
12 verbose addNamed [ null, '*' ]
13 silly lockFile b64c390c-youtube-node youtube-node@
14 verbose lock youtube-node@ /Users/drewgarcia/.npm/b64c390c-youtube-node.lock
15 silly addNameRange { name: 'youtube-node', range: '*', hasData: false }
16 verbose request where is /youtube-node
17 verbose request registry https://registry.npmjs.org/
18 verbose request id 90ae4c61932f5c83
19 verbose url raw /youtube-node
20 verbose url resolving [ 'https://registry.npmjs.org/', './youtube-node' ]
21 verbose url resolved https://registry.npmjs.org/youtube-node
22 verbose request where is https://registry.npmjs.org/youtube-node
23 info trying registry request attempt 1 at 14:03:20
24 verbose etag "9H9GE7H54744EN4H2PV6KBVF9"
25 http GET https://registry.npmjs.org/youtube-node
26 http 304 https://registry.npmjs.org/youtube-node
27 silly registry.get cb [ 304,
27 silly registry.get   { date: 'Fri, 21 Nov 2014 20:03:19 GMT',
27 silly registry.get     server: 'Apache',
27 silly registry.get     via: '1.1 varnish',
27 silly registry.get     'last-modified': 'Fri, 21 Nov 2014 20:03:19 GMT',
27 silly registry.get     'cache-control': 'max-age=60',
27 silly registry.get     etag: '"9H9GE7H54744EN4H2PV6KBVF9"',
27 silly registry.get     age: '24',
27 silly registry.get     'x-served-by': 'cache-dfw1821-DFW',
27 silly registry.get     'x-cache': 'HIT',
27 silly registry.get     'x-cache-hits': '1',
27 silly registry.get     'x-timer': 'S1416600199.162754,VS0,VE0',
27 silly registry.get     vary: 'Accept',
27 silly registry.get     'content-length': '0',
27 silly registry.get     'keep-alive': 'timeout=10, max=50',
27 silly registry.get     connection: 'Keep-Alive' } ]
28 verbose etag https://registry.npmjs.org/youtube-node from cache
29 silly addNameRange number 2 { name: 'youtube-node', range: '*', hasData: true }
30 silly addNameRange versions [ 'youtube-node',
30 silly addNameRange   [ '0.0.1', '0.0.2', '0.0.3', '0.0.4', '1.0.0', '1.0.1' ] ]
31 verbose addNamed [ 'youtube-node', '1.0.1' ]
32 verbose addNamed [ '1.0.1', '1.0.1' ]
33 silly lockFile f5a1abe8-youtube-node-1-0-1 youtube-node@1.0.1
34 verbose lock youtube-node@1.0.1 /Users/drewgarcia/.npm/f5a1abe8-youtube-node-1-0-1.lock
35 silly lockFile f5a1abe8-youtube-node-1-0-1 youtube-node@1.0.1
36 silly lockFile f5a1abe8-youtube-node-1-0-1 youtube-node@1.0.1
37 silly lockFile b64c390c-youtube-node youtube-node@
38 silly lockFile b64c390c-youtube-node youtube-node@
39 silly resolved [ { name: 'youtube-node',
39 silly resolved     description: 'Youtube API v3 client for nodeJS',
39 silly resolved     version: '1.0.1',
39 silly resolved     author: { name: 'Paulo McNally', email: 'paulomcnally@gmail.com' },
39 silly resolved     keywords: [ 'youtube', 'videos', 'api' ],
39 silly resolved     dependencies:
39 silly resolved      { request: '~2.34.0',
39 silly resolved        qs: '~0.6.6',
39 silly resolved        prompt: '~0.2.12',
39 silly resolved        colors: '~0.6.2' },
39 silly resolved     directories: { lib: './lib/youtube' },
39 silly resolved     main: './index.js',
39 silly resolved     bin: { youtube: './bin/youtube' },
39 silly resolved     bugs:
39 silly resolved      { url: 'https://github.com/paulomcnally/youtube-node/issues/new',
39 silly resolved        email: 'paulomcnally@gmail.com' },
39 silly resolved     repository:
39 silly resolved      { type: 'git',
39 silly resolved        url: 'git://github.com/paulomcnally/youtube-node.git' },
39 silly resolved     homepage: 'https://github.com/paulomcnally/youtube-node',
39 silly resolved     _id: 'youtube-node@1.0.1',
39 silly resolved     dist:
39 silly resolved      { shasum: 'f1eb8b0f8f1bfab717289fcb0243b96f036eabd5',
39 silly resolved        tarball: 'http://registry.npmjs.org/youtube-node/-/youtube-node-1.0.1.tgz' },
39 silly resolved     _from: 'youtube-node@',
39 silly resolved     _npmVersion: '1.4.2',
39 silly resolved     _npmUser: { name: 'paulomcnally', email: 'paulomcnally@gmail.com' },
39 silly resolved     maintainers: [ [Object] ],
39 silly resolved     _shasum: 'f1eb8b0f8f1bfab717289fcb0243b96f036eabd5',
39 silly resolved     _resolved: 'https://registry.npmjs.org/youtube-node/-/youtube-node-1.0.1.tgz',
39 silly resolved     readme: 'ERROR: No README data found!' } ]
40 info install youtube-node@1.0.1 into /usr/local/lib
41 info installOne youtube-node@1.0.1
42 verbose lib/node_modules/youtube-node unbuild
43 verbose tar unpack /Users/drewgarcia/.npm/youtube-node/1.0.1/package.tgz
44 silly lockFile 191acaa8-al-lib-node-modules-youtube-node tar:///usr/local/lib/node_modules/youtube-node
45 verbose lock tar:///usr/local/lib/node_modules/youtube-node /Users/drewgarcia/.npm/191acaa8-al-lib-node-modules-youtube-node.lock
46 silly lockFile 491d2925-m-youtube-node-1-0-1-package-tgz tar:///Users/drewgarcia/.npm/youtube-node/1.0.1/package.tgz
47 verbose lock tar:///Users/drewgarcia/.npm/youtube-node/1.0.1/package.tgz /Users/drewgarcia/.npm/491d2925-m-youtube-node-1-0-1-package-tgz.lock
48 silly gunzTarPerm modes [ '755', '644' ]
49 error Error: EACCES, mkdir '/usr/local/lib/node_modules/youtube-node'
49 error  { [Error: EACCES, mkdir '/usr/local/lib/node_modules/youtube-node']
49 error   errno: 3,
49 error   code: 'EACCES',
49 error   path: '/usr/local/lib/node_modules/youtube-node',
49 error   fstream_type: 'Directory',
49 error   fstream_path: '/usr/local/lib/node_modules/youtube-node',
49 error   fstream_class: 'DirWriter',
49 error   fstream_stack:
49 error    [ '/usr/local/lib/node_modules/npm/node_modules/fstream/lib/dir-writer.js:36:23',
49 error      '/usr/local/lib/node_modules/npm/node_modules/mkdirp/index.js:46:53',
49 error      'Object.oncomplete (fs.js:107:15)' ] }
50 error Please try running this command again as root/Administrator.
51 error System Darwin 14.0.0
52 error command "node" "/usr/local/bin/npm" "install" "youtube-node" "-g"
53 error cwd /Users/drewgarcia/Documents/code/youdio
54 error node -v v0.10.33
55 error npm -v 1.4.28
56 error path /usr/local/lib/node_modules/youtube-node
57 error fstream_path /usr/local/lib/node_modules/youtube-node
58 error fstream_type Directory
59 error fstream_class DirWriter
60 error code EACCES
61 error errno 3
62 error stack Error: EACCES, mkdir '/usr/local/lib/node_modules/youtube-node'
63 error fstream_stack /usr/local/lib/node_modules/npm/node_modules/fstream/lib/dir-writer.js:36:23
63 error fstream_stack /usr/local/lib/node_modules/npm/node_modules/mkdirp/index.js:46:53
63 error fstream_stack Object.oncomplete (fs.js:107:15)
64 verbose exit [ 3, true ]
